<?xml version="1.0" encoding="UTF-8"?>
<!-- Generated by org.testng.reporters.JUnitXMLReporter -->
<testsuite ignored="0" hostname="Mandapati" failures="0" tests="13" name="Default test" time="0.172" errors="0" timestamp="2025-02-20T09:19:51 IST">
  <testcase classname="testNG.UsingThreadPoolSizeFlag" name="cat" time="0.016"/>
  <testcase classname="testNG.UsingThreadPoolSizeFlag" name="cat" time="0.016"/>
  <testcase classname="testNG.UsingThreadPoolSizeFlag" name="cat" time="0.005"/>
  <testcase classname="testNG.UsingThreadPoolSizeFlag" name="cat" time="0.011"/>
  <testcase classname="testNG.UsingThreadPoolSizeFlag" name="cat" time="0.007"/>
  <testcase classname="testNG.UsingThreadPoolSizeFlag" name="cat" time="0.004"/>
  <testcase classname="testNG.UsingThreadPoolSizeFlag" name="cat" time="0.002"/>
  <testcase classname="testNG.UsingThreadPoolSizeFlag" name="cat" time="0.005"/>
  <testcase classname="testNG.UsingThreadPoolSizeFlag" name="cow" time="0.001"/>
  <testcase classname="testNG.UsingThreadPoolSizeFlag" name="cow" time="0.004"/>
  <testcase classname="testNG.UsingThreadPoolSizeFlag" name="cow" time="0.002"/>
  <testcase classname="testNG.UsingThreadPoolSizeFlag" name="dog" time="0.004"/>
  <testcase classname="testNG.UsingThreadPoolSizeFlag" name="dog" time="0.004"/>
</testsuite> <!-- Default test -->
