<?xml version="1.0" encoding="UTF-8"?>
<!-- Generated by org.testng.reporters.JUnitXMLReporter -->
<testsuite ignored="3" hostname="Mandapati" failures="0" tests="5" name="Test" time="0.105" errors="0" timestamp="2025-02-20T10:04:31 IST">
  <testcase classname="testNG.GroupExecution" name="brinjal" time="0.015"/>
  <testcase classname="testNG.GroupExecution" name="ladyfinger" time="0.002"/>
  <testcase classname="testNG.GroupExecution" name="lilly" time="0.003"/>
  <testcase classname="testNG.GroupExecution" name="potato" time="0.003"/>
  <testcase classname="testNG.GroupExecution" name="rose" time="0.002"/>
  <testcase classname="testNG.GroupExecution" name="banana" time="0.0">
    <ignored/>
  </testcase> <!-- banana -->
  <testcase classname="testNG.GroupExecution" name="orange" time="0.0">
    <ignored/>
  </testcase> <!-- orange -->
  <testcase classname="testNG.GroupExecution" name="apple" time="0.0">
    <ignored/>
  </testcase> <!-- apple -->
</testsuite> <!-- Test -->
